<?xml version="1.0" encoding="UTF-8" ?>
<testsuite tests="3" failures="0" name="com.computersecurity.hybridcyrptography.model.TermTest" time="0.042" errors="0" skipped="0">
  <properties>
[...]
</properties>
  <testcase classname="com.computersecurity.hybridcyrptography.model.TermTest" name="testTerm2" time="0.002"/>
  <testcase classname="com.computersecurity.hybridcyrptography.model.TermTest" name="testTerm1" time="0"/>
  <testcase classname="com.computersecurity.hybridcyrptography.model.TermTest" name="testTerm" time="0"/>
</testsuite>